Using pre-set license
Built from '2021.3/staging' branch; Version is '2021.3.22f1 (b6c551784ba3) revision 11978065'; Using compiler version '192829333'; Build Type 'Release'
OS: 'Windows 11  (10.0.22621) 64bit Professional' Language: 'ru' Physical Memory: 65377 MB
BatchMode: 1, IsHumanControllingUs: 0, StartBugReporterOnCrash: 0, Is64bit: 1, IsPro: 1

COMMAND LINE ARGUMENTS:
C:\Program Files\Unity\Hub\Editor\2021.3.22f1\Editor\Unity.exe
-adb2
-batchMode
-noUpm
-name
AssetImportWorker0
-projectPath
C:/Users/1/Documents/GitHub/Seagull-vs-Cats
-logFile
Logs/AssetImportWorker0.log
-srvPort
51397
Successfully changed project path to: C:/Users/1/Documents/GitHub/Seagull-vs-Cats
C:/Users/1/Documents/GitHub/Seagull-vs-Cats
[UnityMemory] Configuration Parameters - Can be set up in boot.config
    "memorysetup-bucket-allocator-granularity=16"
    "memorysetup-bucket-allocator-bucket-count=8"
    "memorysetup-bucket-allocator-block-size=33554432"
    "memorysetup-bucket-allocator-block-count=8"
    "memorysetup-main-allocator-block-size=16777216"
    "memorysetup-thread-allocator-block-size=16777216"
    "memorysetup-gfx-main-allocator-block-size=16777216"
    "memorysetup-gfx-thread-allocator-block-size=16777216"
    "memorysetup-cache-allocator-block-size=4194304"
    "memorysetup-typetree-allocator-block-size=2097152"
    "memorysetup-profiler-bucket-allocator-granularity=16"
    "memorysetup-profiler-bucket-allocator-bucket-count=8"
    "memorysetup-profiler-bucket-allocator-block-size=33554432"
    "memorysetup-profiler-bucket-allocator-block-count=8"
    "memorysetup-profiler-allocator-block-size=16777216"
    "memorysetup-profiler-editor-allocator-block-size=1048576"
    "memorysetup-temp-allocator-size-main=16777216"
    "memorysetup-job-temp-allocator-block-size=2097152"
    "memorysetup-job-temp-allocator-block-size-background=1048576"
    "memorysetup-job-temp-allocator-reduction-small-platforms=262144"
    "memorysetup-temp-allocator-size-background-worker=32768"
    "memorysetup-temp-allocator-size-job-worker=262144"
    "memorysetup-temp-allocator-size-preload-manager=33554432"
    "memorysetup-temp-allocator-size-nav-mesh-worker=65536"
    "memorysetup-temp-allocator-size-audio-worker=65536"
    "memorysetup-temp-allocator-size-cloud-worker=32768"
    "memorysetup-temp-allocator-size-gi-baking-worker=262144"
    "memorysetup-temp-allocator-size-gfx=262144"
Player connection [29348] Host "[IP] 192.168.1.5 [Port] 0 [Flags] 2 [Guid] 27641949 [EditorId] 27641949 [Version] 1048832 [Id] WindowsEditor(7,DESKTOP-UP8DEDE) [Debug] 1 [PackageName] WindowsEditor [ProjectName] Editor" joined multi-casting on [225.0.0.222:54997]...

Player connection [29348] Host "[IP] 192.168.1.5 [Port] 0 [Flags] 2 [Guid] 27641949 [EditorId] 27641949 [Version] 1048832 [Id] WindowsEditor(7,DESKTOP-UP8DEDE) [Debug] 1 [PackageName] WindowsEditor [ProjectName] Editor" joined alternative multi-casting on [225.0.0.222:34997]...

Refreshing native plugins compatible for Editor in 195.80 ms, found 4 plugins.
Preloading 0 native plugins for Editor in 0.00 ms.
Initialize engine version: 2021.3.22f1 (b6c551784ba3)
[Subsystems] Discovering subsystems at path C:/Program Files/Unity/Hub/Editor/2021.3.22f1/Editor/Data/Resources/UnitySubsystems
[Subsystems] Discovering subsystems at path C:/Users/1/Documents/GitHub/Seagull-vs-Cats/Assets
GfxDevice: creating device client; threaded=0; jobified=0
Direct3D:
    Version:  Direct3D 11.0 [level 11.1]
    Renderer: NVIDIA GeForce RTX 3060 (ID=0x2504)
    Vendor:   NVIDIA
    VRAM:     12115 MB
    Driver:   32.0.15.6614
Initialize mono
Mono path[0] = 'C:/Program Files/Unity/Hub/Editor/2021.3.22f1/Editor/Data/Managed'
Mono path[1] = 'C:/Program Files/Unity/Hub/Editor/2021.3.22f1/Editor/Data/MonoBleedingEdge/lib/mono/unityjit-win32'
Mono config path = 'C:/Program Files/Unity/Hub/Editor/2021.3.22f1/Editor/Data/MonoBleedingEdge/etc'
Using monoOptions --debugger-agent=transport=dt_socket,embedding=1,server=y,suspend=n,address=127.0.0.1:56608
Begin MonoManager ReloadAssembly
Registering precompiled unity dll's ...
Register platform support module: C:/Program Files/Unity/Hub/Editor/2021.3.22f1/Editor/Data/PlaybackEngines/WebGLSupport/UnityEditor.WebGL.Extensions.dll
Register platform support module: C:/Program Files/Unity/Hub/Editor/2021.3.22f1/Editor/Data/PlaybackEngines/MacStandaloneSupport/UnityEditor.OSXStandalone.Extensions.dll
Register platform support module: C:/Program Files/Unity/Hub/Editor/2021.3.22f1/Editor/Data/PlaybackEngines/AndroidPlayer/UnityEditor.Android.Extensions.dll
Register platform support module: C:/Program Files/Unity/Hub/Editor/2021.3.22f1/Editor/Data/PlaybackEngines/iOSSupport/UnityEditor.iOS.Extensions.dll
Register platform support module: C:/Program Files/Unity/Hub/Editor/2021.3.22f1/Editor/Data/PlaybackEngines/AppleTVSupport/UnityEditor.AppleTV.Extensions.dll
Register platform support module: C:/Program Files/Unity/Hub/Editor/2021.3.22f1/Editor/Data/PlaybackEngines/WindowsStandaloneSupport/UnityEditor.WindowsStandalone.Extensions.dll
Register platform support module: C:/Program Files/Unity/Hub/Editor/2021.3.22f1/Editor/Data/PlaybackEngines/LinuxStandaloneSupport/UnityEditor.LinuxStandalone.Extensions.dll
Register platform support module: C:/Program Files/Unity/Hub/Editor/2021.3.22f1/Editor/Data/PlaybackEngines/MetroSupport/UnityEditor.UWP.Extensions.dll
Registered in 0.018646 seconds.
Native extension for UWP target not found
Native extension for LinuxStandalone target not found
Native extension for WindowsStandalone target not found
[usbmuxd] Start listen thread
[usbmuxd] Listen thread started
[usbmuxd] Send listen message
Native extension for AppleTV target not found
[usbmuxd] Start listen thread
[usbmuxd] Listen thread started
[usbmuxd] Send listen message
Native extension for iOS target not found
Native extension for Android target not found
Android Extension - Scanning For ADB Devices 385 ms
Native extension for OSXStandalone target not found
Native extension for WebGL target not found
Refreshing native plugins compatible for Editor in 173.46 ms, found 4 plugins.
Preloading 0 native plugins for Editor in 0.00 ms.
Mono: successfully reloaded assembly
- Completed reload, in  1.528 seconds
Domain Reload Profiling:
	ReloadAssembly (1530ms)
		BeginReloadAssembly (123ms)
			ExecutionOrderSort (0ms)
			DisableScriptedObjects (0ms)
			BackupInstance (0ms)
			ReleaseScriptingObjects (0ms)
			CreateAndSetChildDomain (1ms)
		EndReloadAssembly (1226ms)
			LoadAssemblies (123ms)
			RebuildTransferFunctionScriptingTraits (0ms)
			SetupTypeCache (189ms)
			ReleaseScriptCaches (0ms)
			RebuildScriptCaches (36ms)
			SetupLoadedEditorAssemblies (915ms)
				LogAssemblyErrors (0ms)
				InitializePlatformSupportModulesInManaged (497ms)
				SetLoadedEditorAssemblies (0ms)
				RefreshPlugins (174ms)
				BeforeProcessingInitializeOnLoad (1ms)
				ProcessInitializeOnLoadAttributes (177ms)
				ProcessInitializeOnLoadMethodAttributes (66ms)
				AfterProcessingInitializeOnLoad (0ms)
				EditorAssembliesLoaded (0ms)
			ExecutionOrderSort2 (0ms)
			AwakeInstancesAfterBackupRestoration (0ms)
Platform modules already initialized, skipping
Registering precompiled user dll's ...
Registered in 0.019344 seconds.
Begin MonoManager ReloadAssembly
Symbol file LoadedFromMemory doesn't match image C:\Users\1\Documents\GitHub\Seagull-vs-Cats\Library\PackageCache\com.unity.visualscripting@1.8.0\Editor\VisualScripting.Core\Dependencies\YamlDotNet\Unity.VisualScripting.YamlDotNet.dll
Symbol file LoadedFromMemory doesn't match image C:\Users\1\Documents\GitHub\Seagull-vs-Cats\Library\PackageCache\com.unity.visualscripting@1.8.0\Editor\VisualScripting.Core\Dependencies\DotNetZip\Unity.VisualScripting.IonicZip.dll
Native extension for UWP target not found
Native extension for LinuxStandalone target not found
Native extension for WindowsStandalone target not found
Native extension for AppleTV target not found
Native extension for iOS target not found
Native extension for Android target not found
Native extension for OSXStandalone target not found
Native extension for WebGL target not found
Refreshing native plugins compatible for Editor in 181.17 ms, found 4 plugins.
Preloading 0 native plugins for Editor in 0.00 ms.
Mono: successfully reloaded assembly
- Completed reload, in  2.380 seconds
Domain Reload Profiling:
	ReloadAssembly (2381ms)
		BeginReloadAssembly (189ms)
			ExecutionOrderSort (0ms)
			DisableScriptedObjects (7ms)
			BackupInstance (0ms)
			ReleaseScriptingObjects (0ms)
			CreateAndSetChildDomain (29ms)
		EndReloadAssembly (2046ms)
			LoadAssemblies (176ms)
			RebuildTransferFunctionScriptingTraits (0ms)
			SetupTypeCache (534ms)
			ReleaseScriptCaches (1ms)
			RebuildScriptCaches (131ms)
			SetupLoadedEditorAssemblies (1137ms)
				LogAssemblyErrors (0ms)
				InitializePlatformSupportModulesInManaged (50ms)
				SetLoadedEditorAssemblies (0ms)
				RefreshPlugins (181ms)
				BeforeProcessingInitializeOnLoad (172ms)
				ProcessInitializeOnLoadAttributes (603ms)
				ProcessInitializeOnLoadMethodAttributes (118ms)
				AfterProcessingInitializeOnLoad (12ms)
				EditorAssembliesLoaded (0ms)
			ExecutionOrderSort2 (0ms)
			AwakeInstancesAfterBackupRestoration (10ms)
Platform modules already initialized, skipping
========================================================================
Worker process is ready to serve import requests
Launched and connected shader compiler UnityShaderCompiler.exe after 0.09 seconds
Refreshing native plugins compatible for Editor in 1.92 ms, found 4 plugins.
Preloading 0 native plugins for Editor in 0.00 ms.
Unloading 5748 Unused Serialized files (Serialized files now loaded: 0)
Unloading 56 unused Assets / (0.8 MB). Loaded Objects now: 6207.
Memory consumption went from 226.0 MB to 225.2 MB.
Total: 5.822700 ms (FindLiveObjects: 0.644000 ms CreateObjectMapping: 0.408300 ms MarkObjects: 4.335000 ms  DeleteObjects: 0.433800 ms)

AssetImportParameters requested are different than current active one (requested -> active):
  custom:video-decoder-ogg-theora: a1e56fd34408186e4bbccfd4996cb3dc -> 
  custom:container-muxer-webm: aa71ff27fc2769a1b78a27578f13a17b -> 
  custom:container-demuxer-webm: 4f35f7cbe854078d1ac9338744f61a02 -> 
  custom:video-encoder-webm-vp8: eb34c28f22e8b96e1ab97ce403110664 -> 
  custom:video-codec-MediaFoundation-h265: 746d11721c4dcdbdad8f713fa42b33f4 -> 
  custom:audio-encoder-webm-vorbis: bf7c407c2cedff20999df2af8eb42d56 -> 
  custom:framework-win-MediaFoundation: 216162199b28c13a410421893ffa2e32 -> 
  custom:container-demuxer-ogg: 62fdf1f143b41e24485cea50d1cbac27 -> 
  custom:video-decoder-webm-vp8: 9c59270c3fd7afecdb556c50c9e8de78 -> 
  custom:audio-decoder-ogg-vorbis: bf7c407c2cedff20999df2af8eb42d56 -> 
========================================================================
Received Import Request.
  Time since last request: 2590785.880579 seconds.
  path: Assets/Scenes/6Level.unity
  artifactKey: Guid(c7b390f374ae6e4448b87f22c5155bb4) Importer(815301076,1909f56bfc062723c751e8b465ee728b)
Start importing Assets/Scenes/6Level.unity using Guid(c7b390f374ae6e4448b87f22c5155bb4) Importer(815301076,1909f56bfc062723c751e8b465ee728b)  -> (artifact id: '9298c0851aa99397ce10c2903add1c52') in 0.024057 seconds 
========================================================================
Received Import Request.
  Time since last request: 243.001497 seconds.
  path: Assets/Scenes/7Level.unity
  artifactKey: Guid(7ffbc15ed4896ef40a0429b2a07c67b0) Importer(815301076,1909f56bfc062723c751e8b465ee728b)
Start importing Assets/Scenes/7Level.unity using Guid(7ffbc15ed4896ef40a0429b2a07c67b0) Importer(815301076,1909f56bfc062723c751e8b465ee728b)  -> (artifact id: '5d5801d7d4ca3a526d302769691b07d2') in 0.005154 seconds 
========================================================================
Received Import Request.
  Time since last request: 18.193078 seconds.
  path: Assets/Scenes/6Level.unity
  artifactKey: Guid(c7b390f374ae6e4448b87f22c5155bb4) Importer(815301076,1909f56bfc062723c751e8b465ee728b)
Start importing Assets/Scenes/6Level.unity using Guid(c7b390f374ae6e4448b87f22c5155bb4) Importer(815301076,1909f56bfc062723c751e8b465ee728b)  -> (artifact id: '4f90eb153c72e45133d294175c5c5bf3') in 0.003849 seconds 
========================================================================
Received Import Request.
  Time since last request: 737.826633 seconds.
  path: Assets/Scenes/9Level.unity
  artifactKey: Guid(d9beee6f0c49c9443837f7f11cab81c8) Importer(815301076,1909f56bfc062723c751e8b465ee728b)
Start importing Assets/Scenes/9Level.unity using Guid(d9beee6f0c49c9443837f7f11cab81c8) Importer(815301076,1909f56bfc062723c751e8b465ee728b)  -> (artifact id: '4bfb124335a663caff3f30f72c83dde1') in 0.025784 seconds 
========================================================================
Received Import Request.
  Time since last request: 34.451432 seconds.
  path: Assets/Scenes/8Level.unity
  artifactKey: Guid(fff5e661e9dbc0e4d9ff35bcde65a702) Importer(815301076,1909f56bfc062723c751e8b465ee728b)
Start importing Assets/Scenes/8Level.unity using Guid(fff5e661e9dbc0e4d9ff35bcde65a702) Importer(815301076,1909f56bfc062723c751e8b465ee728b)  -> (artifact id: '3cda534b4a51f441bb2fa695a7901fe0') in 0.015262 seconds 
========================================================================
Received Import Request.
  Time since last request: 59.775661 seconds.
  path: Assets/Scenes/7Level.unity
  artifactKey: Guid(7ffbc15ed4896ef40a0429b2a07c67b0) Importer(815301076,1909f56bfc062723c751e8b465ee728b)
Start importing Assets/Scenes/7Level.unity using Guid(7ffbc15ed4896ef40a0429b2a07c67b0) Importer(815301076,1909f56bfc062723c751e8b465ee728b)  -> (artifact id: '1ab487167cdd73097473dce169730f71') in 0.016096 seconds 
========================================================================
Received Import Request.
  Time since last request: 85.971160 seconds.
  path: Assets/Scenes/7Level.unity
  artifactKey: Guid(7ffbc15ed4896ef40a0429b2a07c67b0) Importer(815301076,1909f56bfc062723c751e8b465ee728b)
Start importing Assets/Scenes/7Level.unity using Guid(7ffbc15ed4896ef40a0429b2a07c67b0) Importer(815301076,1909f56bfc062723c751e8b465ee728b)  -> (artifact id: 'f96820c7a3f1784dc3a0859c439f7b75') in 0.003982 seconds 
========================================================================
Received Import Request.
  Time since last request: 1105.193272 seconds.
  path: Assets/Scenes/7Level.unity
  artifactKey: Guid(7ffbc15ed4896ef40a0429b2a07c67b0) Importer(815301076,1909f56bfc062723c751e8b465ee728b)
Start importing Assets/Scenes/7Level.unity using Guid(7ffbc15ed4896ef40a0429b2a07c67b0) Importer(815301076,1909f56bfc062723c751e8b465ee728b)  -> (artifact id: 'f846266ed9ebca8da62bb437783165f4') in 0.004999 seconds 
========================================================================
Received Import Request.
  Time since last request: 182.321553 seconds.
  path: Assets/Scenes/7Level.unity
  artifactKey: Guid(7ffbc15ed4896ef40a0429b2a07c67b0) Importer(815301076,1909f56bfc062723c751e8b465ee728b)
Start importing Assets/Scenes/7Level.unity using Guid(7ffbc15ed4896ef40a0429b2a07c67b0) Importer(815301076,1909f56bfc062723c751e8b465ee728b)  -> (artifact id: 'edfc35ae2f70d4c92d57db56c05a4aaa') in 0.004036 seconds 
========================================================================
Received Import Request.
  Time since last request: 112.887006 seconds.
  path: Assets/Scenes/1Llevel.unity
  artifactKey: Guid(ffa27b27f95efd048a05520baf7b5480) Importer(815301076,1909f56bfc062723c751e8b465ee728b)
Start importing Assets/Scenes/1Llevel.unity using Guid(ffa27b27f95efd048a05520baf7b5480) Importer(815301076,1909f56bfc062723c751e8b465ee728b)  -> (artifact id: '7498736e09d825bdbe963d85dbfd892e') in 0.014721 seconds 
========================================================================
Received Import Request.
  Time since last request: 12.571999 seconds.
  path: Assets/Scenes/4Level.unity
  artifactKey: Guid(977b13df2833742409c2693e059f1a58) Importer(815301076,1909f56bfc062723c751e8b465ee728b)
Start importing Assets/Scenes/4Level.unity using Guid(977b13df2833742409c2693e059f1a58) Importer(815301076,1909f56bfc062723c751e8b465ee728b)  -> (artifact id: '8f0371e753220d10c3899df4e4e24126') in 0.015849 seconds 
========================================================================
Received Import Request.
  Time since last request: 6.656095 seconds.
  path: Assets/Scenes/5Level 1.unity
  artifactKey: Guid(71f034f2e1af27346afa312385ad0772) Importer(815301076,1909f56bfc062723c751e8b465ee728b)
Start importing Assets/Scenes/5Level 1.unity using Guid(71f034f2e1af27346afa312385ad0772) Importer(815301076,1909f56bfc062723c751e8b465ee728b)  -> (artifact id: 'f9c41c2d43ad5dbfdfb3ecad9b84b7a6') in 0.026954 seconds 
========================================================================
Received Prepare
Registering precompiled user dll's ...
Registered in 0.015960 seconds.
Begin MonoManager ReloadAssembly
Symbol file LoadedFromMemory doesn't match image C:\Users\1\Documents\GitHub\Seagull-vs-Cats\Library\PackageCache\com.unity.visualscripting@1.8.0\Editor\VisualScripting.Core\Dependencies\YamlDotNet\Unity.VisualScripting.YamlDotNet.dll
Symbol file LoadedFromMemory doesn't match image C:\Users\1\Documents\GitHub\Seagull-vs-Cats\Library\PackageCache\com.unity.visualscripting@1.8.0\Editor\VisualScripting.Core\Dependencies\DotNetZip\Unity.VisualScripting.IonicZip.dll
Native extension for UWP target not found
Native extension for LinuxStandalone target not found
Native extension for WindowsStandalone target not found
Native extension for AppleTV target not found
Native extension for iOS target not found
Native extension for Android target not found
Native extension for OSXStandalone target not found
Native extension for WebGL target not found
Refreshing native plugins compatible for Editor in 1.11 ms, found 4 plugins.
Preloading 0 native plugins for Editor in 0.00 ms.
Mono: successfully reloaded assembly
- Completed reload, in  2.118 seconds
Domain Reload Profiling:
	ReloadAssembly (2119ms)
		BeginReloadAssembly (361ms)
			ExecutionOrderSort (0ms)
			DisableScriptedObjects (11ms)
			BackupInstance (0ms)
			ReleaseScriptingObjects (0ms)
			CreateAndSetChildDomain (56ms)
		EndReloadAssembly (1574ms)
			LoadAssemblies (322ms)
			RebuildTransferFunctionScriptingTraits (0ms)
			SetupTypeCache (543ms)
			ReleaseScriptCaches (2ms)
			RebuildScriptCaches (73ms)
			SetupLoadedEditorAssemblies (727ms)
				LogAssemblyErrors (0ms)
				InitializePlatformSupportModulesInManaged (53ms)
				SetLoadedEditorAssemblies (1ms)
				RefreshPlugins (1ms)
				BeforeProcessingInitializeOnLoad (123ms)
				ProcessInitializeOnLoadAttributes (432ms)
				ProcessInitializeOnLoadMethodAttributes (106ms)
				AfterProcessingInitializeOnLoad (10ms)
				EditorAssembliesLoaded (0ms)
			ExecutionOrderSort2 (0ms)
			AwakeInstancesAfterBackupRestoration (12ms)
Platform modules already initialized, skipping
Refreshing native plugins compatible for Editor in 4.50 ms, found 4 plugins.
Preloading 0 native plugins for Editor in 0.00 ms.
Unloading 5654 Unused Serialized files (Serialized files now loaded: 0)
Unloading 29 unused Assets / (0.8 MB). Loaded Objects now: 6222.
Memory consumption went from 218.3 MB to 217.5 MB.
Total: 4.999000 ms (FindLiveObjects: 0.529000 ms CreateObjectMapping: 0.264200 ms MarkObjects: 3.831500 ms  DeleteObjects: 0.372400 ms)

AssetImportParameters requested are different than current active one (requested -> active):
  custom:video-decoder-ogg-theora: a1e56fd34408186e4bbccfd4996cb3dc -> 
  custom:container-muxer-webm: aa71ff27fc2769a1b78a27578f13a17b -> 
  custom:container-demuxer-webm: 4f35f7cbe854078d1ac9338744f61a02 -> 
  custom:video-encoder-webm-vp8: eb34c28f22e8b96e1ab97ce403110664 -> 
  custom:video-codec-MediaFoundation-h265: 746d11721c4dcdbdad8f713fa42b33f4 -> 
  custom:audio-encoder-webm-vorbis: bf7c407c2cedff20999df2af8eb42d56 -> 
  custom:framework-win-MediaFoundation: 216162199b28c13a410421893ffa2e32 -> 
  custom:container-demuxer-ogg: 62fdf1f143b41e24485cea50d1cbac27 -> 
  custom:video-decoder-webm-vp8: 9c59270c3fd7afecdb556c50c9e8de78 -> 
  custom:audio-decoder-ogg-vorbis: bf7c407c2cedff20999df2af8eb42d56 -> 
========================================================================
Received Prepare
Registering precompiled user dll's ...
Registered in 0.014052 seconds.
Begin MonoManager ReloadAssembly
Symbol file LoadedFromMemory doesn't match image C:\Users\1\Documents\GitHub\Seagull-vs-Cats\Library\PackageCache\com.unity.visualscripting@1.8.0\Editor\VisualScripting.Core\Dependencies\YamlDotNet\Unity.VisualScripting.YamlDotNet.dll
Symbol file LoadedFromMemory doesn't match image C:\Users\1\Documents\GitHub\Seagull-vs-Cats\Library\PackageCache\com.unity.visualscripting@1.8.0\Editor\VisualScripting.Core\Dependencies\DotNetZip\Unity.VisualScripting.IonicZip.dll
Native extension for UWP target not found
Native extension for LinuxStandalone target not found
Native extension for WindowsStandalone target not found
Native extension for AppleTV target not found
Native extension for iOS target not found
Native extension for Android target not found
Native extension for OSXStandalone target not found
Native extension for WebGL target not found
Refreshing native plugins compatible for Editor in 1.28 ms, found 4 plugins.
Preloading 0 native plugins for Editor in 0.00 ms.
Mono: successfully reloaded assembly
- Completed reload, in  1.761 seconds
Domain Reload Profiling:
	ReloadAssembly (1762ms)
		BeginReloadAssembly (201ms)
			ExecutionOrderSort (0ms)
			DisableScriptedObjects (8ms)
			BackupInstance (0ms)
			ReleaseScriptingObjects (0ms)
			CreateAndSetChildDomain (57ms)
		EndReloadAssembly (1424ms)
			LoadAssemblies (168ms)
			RebuildTransferFunctionScriptingTraits (0ms)
			SetupTypeCache (390ms)
			ReleaseScriptCaches (2ms)
			RebuildScriptCaches (84ms)
			SetupLoadedEditorAssemblies (722ms)
				LogAssemblyErrors (0ms)
				InitializePlatformSupportModulesInManaged (58ms)
				SetLoadedEditorAssemblies (1ms)
				RefreshPlugins (1ms)
				BeforeProcessingInitializeOnLoad (121ms)
				ProcessInitializeOnLoadAttributes (424ms)
				ProcessInitializeOnLoadMethodAttributes (107ms)
				AfterProcessingInitializeOnLoad (11ms)
				EditorAssembliesLoaded (0ms)
			ExecutionOrderSort2 (0ms)
			AwakeInstancesAfterBackupRestoration (10ms)
Platform modules already initialized, skipping
Refreshing native plugins compatible for Editor in 3.68 ms, found 4 plugins.
Preloading 0 native plugins for Editor in 0.00 ms.
Unloading 5654 Unused Serialized files (Serialized files now loaded: 0)
Unloading 29 unused Assets / (0.8 MB). Loaded Objects now: 6237.
Memory consumption went from 218.3 MB to 217.5 MB.
Total: 6.582500 ms (FindLiveObjects: 0.543900 ms CreateObjectMapping: 0.320000 ms MarkObjects: 5.329300 ms  DeleteObjects: 0.388200 ms)

AssetImportParameters requested are different than current active one (requested -> active):
  custom:video-decoder-ogg-theora: a1e56fd34408186e4bbccfd4996cb3dc -> 
  custom:container-muxer-webm: aa71ff27fc2769a1b78a27578f13a17b -> 
  custom:container-demuxer-webm: 4f35f7cbe854078d1ac9338744f61a02 -> 
  custom:video-encoder-webm-vp8: eb34c28f22e8b96e1ab97ce403110664 -> 
  custom:video-codec-MediaFoundation-h265: 746d11721c4dcdbdad8f713fa42b33f4 -> 
  custom:audio-encoder-webm-vorbis: bf7c407c2cedff20999df2af8eb42d56 -> 
  custom:framework-win-MediaFoundation: 216162199b28c13a410421893ffa2e32 -> 
  custom:container-demuxer-ogg: 62fdf1f143b41e24485cea50d1cbac27 -> 
  custom:video-decoder-webm-vp8: 9c59270c3fd7afecdb556c50c9e8de78 -> 
  custom:audio-decoder-ogg-vorbis: bf7c407c2cedff20999df2af8eb42d56 -> 
========================================================================
Received Import Request.
  Time since last request: 398.441318 seconds.
  path: Assets/Scenes/7Level.unity
  artifactKey: Guid(7ffbc15ed4896ef40a0429b2a07c67b0) Importer(815301076,1909f56bfc062723c751e8b465ee728b)
Start importing Assets/Scenes/7Level.unity using Guid(7ffbc15ed4896ef40a0429b2a07c67b0) Importer(815301076,1909f56bfc062723c751e8b465ee728b)  -> (artifact id: '6eccb27efbbd9b15bd3dca812f264209') in 0.020339 seconds 
========================================================================
Received Import Request.
  Time since last request: 7.536098 seconds.
  path: Assets/Scenes/8Level.unity
  artifactKey: Guid(fff5e661e9dbc0e4d9ff35bcde65a702) Importer(815301076,1909f56bfc062723c751e8b465ee728b)
Start importing Assets/Scenes/8Level.unity using Guid(fff5e661e9dbc0e4d9ff35bcde65a702) Importer(815301076,1909f56bfc062723c751e8b465ee728b)  -> (artifact id: 'ec499b1062f64966d2e9a75342fc9b5d') in 0.003225 seconds 
========================================================================
Received Import Request.
  Time since last request: 6.697694 seconds.
  path: Assets/Scenes/9Level.unity
  artifactKey: Guid(d9beee6f0c49c9443837f7f11cab81c8) Importer(815301076,1909f56bfc062723c751e8b465ee728b)
Start importing Assets/Scenes/9Level.unity using Guid(d9beee6f0c49c9443837f7f11cab81c8) Importer(815301076,1909f56bfc062723c751e8b465ee728b)  -> (artifact id: '72ccdbc1d3e86957109a03f77293933c') in 0.014161 seconds 
========================================================================
Received Import Request.
  Time since last request: 7.897839 seconds.
  path: Assets/Scenes/10Level.unity
  artifactKey: Guid(fe26e5e8a306caf4a854d55945823697) Importer(815301076,1909f56bfc062723c751e8b465ee728b)
Start importing Assets/Scenes/10Level.unity using Guid(fe26e5e8a306caf4a854d55945823697) Importer(815301076,1909f56bfc062723c751e8b465ee728b)  -> (artifact id: '6f89a0fe366fa00612578701e6a43899') in 0.014773 seconds 
========================================================================
Received Import Request.
  Time since last request: 6.632168 seconds.
  path: Assets/Scenes/9Level.unity
  artifactKey: Guid(d9beee6f0c49c9443837f7f11cab81c8) Importer(815301076,1909f56bfc062723c751e8b465ee728b)
Start importing Assets/Scenes/9Level.unity using Guid(d9beee6f0c49c9443837f7f11cab81c8) Importer(815301076,1909f56bfc062723c751e8b465ee728b)  -> (artifact id: 'a8dd1a9825eedd2f22c44acd804d43a0') in 0.003778 seconds 
========================================================================
Received Import Request.
  Time since last request: 88.617228 seconds.
  path: Assets/Scenes/5Level 1.unity
  artifactKey: Guid(71f034f2e1af27346afa312385ad0772) Importer(815301076,1909f56bfc062723c751e8b465ee728b)
Start importing Assets/Scenes/5Level 1.unity using Guid(71f034f2e1af27346afa312385ad0772) Importer(815301076,1909f56bfc062723c751e8b465ee728b)  -> (artifact id: 'a0403c0c039d8b76589e8c44dc85dcb7') in 0.003846 seconds 
========================================================================
Received Import Request.
  Time since last request: 58.996237 seconds.
  path: Assets/Scenes/4Level.unity
  artifactKey: Guid(977b13df2833742409c2693e059f1a58) Importer(815301076,1909f56bfc062723c751e8b465ee728b)
Start importing Assets/Scenes/4Level.unity using Guid(977b13df2833742409c2693e059f1a58) Importer(815301076,1909f56bfc062723c751e8b465ee728b)  -> (artifact id: '9f23adc6dd53526b117cd694945d4320') in 0.029826 seconds 
========================================================================
Received Import Request.
  Time since last request: 6.452211 seconds.
  path: Assets/Scenes/5Level 1.unity
  artifactKey: Guid(71f034f2e1af27346afa312385ad0772) Importer(815301076,1909f56bfc062723c751e8b465ee728b)
Start importing Assets/Scenes/5Level 1.unity using Guid(71f034f2e1af27346afa312385ad0772) Importer(815301076,1909f56bfc062723c751e8b465ee728b)  -> (artifact id: '360288939f5828e1c99abec2f36e90b9') in 0.003549 seconds 
========================================================================
Received Import Request.
  Time since last request: 129.323525 seconds.
  path: Assets/Scenes/6Level.unity
  artifactKey: Guid(c7b390f374ae6e4448b87f22c5155bb4) Importer(815301076,1909f56bfc062723c751e8b465ee728b)
Start importing Assets/Scenes/6Level.unity using Guid(c7b390f374ae6e4448b87f22c5155bb4) Importer(815301076,1909f56bfc062723c751e8b465ee728b)  -> (artifact id: '513eead84225c65453d1f04f4da498da') in 0.013396 seconds 
========================================================================
Received Import Request.
  Time since last request: 80.084996 seconds.
  path: Assets/Scenes/7Level.unity
  artifactKey: Guid(7ffbc15ed4896ef40a0429b2a07c67b0) Importer(815301076,1909f56bfc062723c751e8b465ee728b)
Start importing Assets/Scenes/7Level.unity using Guid(7ffbc15ed4896ef40a0429b2a07c67b0) Importer(815301076,1909f56bfc062723c751e8b465ee728b)  -> (artifact id: '9ffc47af19e6347c8040f5338d4b17d0') in 0.007122 seconds 
========================================================================
Received Import Request.
  Time since last request: 35.109392 seconds.
  path: Assets/Scenes/8Level.unity
  artifactKey: Guid(fff5e661e9dbc0e4d9ff35bcde65a702) Importer(815301076,1909f56bfc062723c751e8b465ee728b)
Start importing Assets/Scenes/8Level.unity using Guid(fff5e661e9dbc0e4d9ff35bcde65a702) Importer(815301076,1909f56bfc062723c751e8b465ee728b)  -> (artifact id: '68c740cf52e502341d68514f7f6e36c2') in 0.011738 seconds 
========================================================================
Received Import Request.
  Time since last request: 135.970905 seconds.
  path: Assets/Scenes/10Level.unity
  artifactKey: Guid(fe26e5e8a306caf4a854d55945823697) Importer(815301076,1909f56bfc062723c751e8b465ee728b)
Start importing Assets/Scenes/10Level.unity using Guid(fe26e5e8a306caf4a854d55945823697) Importer(815301076,1909f56bfc062723c751e8b465ee728b)  -> (artifact id: '894a6c2ed8035f914ab0d88bd7826df7') in 0.004320 seconds 
